Added Component: Designator=loc6(4#Cap2)
Add component. Clean all parameters for all variants
Added Component: Designator=loc7(4#Cap2)
Add component. Clean all parameters for all variants
Added Component: Designator=loc8(4#Cap2)
Add component. Clean all parameters for all variants
Added Component: Designator=loc9(4#Cap2)
Add component. Clean all parameters for all variants
Added Component: Designator=loc10(4#Cap2)
Add component. Clean all parameters for all variants
Added Pin To Net: NetName=NetRL1_1 Pin=loc6-1
Added Pin To Net: NetName=NetRL1_4 Pin=loc6-2
Added Pin To Net: NetName=NetRL1_1 Pin=loc7-1
Added Pin To Net: NetName=NetRL1_4 Pin=loc7-2
Added Pin To Net: NetName=NetI2C?_4 Pin=loc8-1
Added Pin To Net: NetName=NetI2C?_3 Pin=loc8-2
Added Pin To Net: NetName=NetL1_2 Pin=loc9-1
Added Pin To Net: NetName=NetL1_1 Pin=loc9-2
Added Pin To Net: NetName=NetL1_3 Pin=loc10-1
Added Pin To Net: NetName=NetL1_2 Pin=loc10-2
Change Net Name : Old Net Name=NetRL1_1 New Net Name=Netloc6_1
Change Net Name : Old Net Name=NetRL1_4 New Net Name=Netloc6_2
Added Member To Class: ClassName=PCB_trainning Member=Component loc6 4#Cap2
Added Member To Class: ClassName=PCB_trainning Member=Component loc7 4#Cap2
Added Member To Class: ClassName=PCB_trainning Member=Component loc8 4#Cap2
Added Member To Class: ClassName=PCB_trainning Member=Component loc9 4#Cap2
Added Member To Class: ClassName=PCB_trainning Member=Component loc10 4#Cap2
Added Room: Name=PCB_trainning
